0 info it worked if it ends with ok
1 verbose cli [ '/usr/bin/nodejs', '/usr/bin/npm', 'run-script', 'seed_local' ]
2 info using npm@3.10.10
3 info using node@v6.10.3
4 verbose run-script [ 'preseed_local', 'seed_local', 'postseed_local' ]
5 info lifecycle quiz-2017@0.0.0~preseed_local: quiz-2017@0.0.0
6 silly lifecycle quiz-2017@0.0.0~preseed_local: no script for preseed_local, continuing
7 info lifecycle quiz-2017@0.0.0~seed_local: quiz-2017@0.0.0
8 verbose lifecycle quiz-2017@0.0.0~seed_local: unsafe-perm in lifecycle true
9 verbose lifecycle quiz-2017@0.0.0~seed_local: PATH: /usr/lib/node_modules/npm/bin/node-gyp-bin:/home/rafael.arias.gomez/Lucas/quiz_2017/node_modules/.bin:/home/rafael.arias.gomez/.java/java_home/bin:/opt/bin:/usr/local/sbin:/usr/local/bin:/usr/sbin:/usr/bin:/sbin:/bin:/usr/games:/usr/local/games
10 verbose lifecycle quiz-2017@0.0.0~seed_local: CWD: /home/rafael.arias.gomez/Lucas/quiz_2017
11 silly lifecycle quiz-2017@0.0.0~seed_local: Args: [ '-c',
11 silly lifecycle   'sequelize db:seed:all --url sqlite://$(pwd)/quiz.sqlite' ]
12 silly lifecycle quiz-2017@0.0.0~seed_local: Returned: code: 1  signal: null
13 info lifecycle quiz-2017@0.0.0~seed_local: Failed to exec seed_local script
14 verbose stack Error: quiz-2017@0.0.0 seed_local: `sequelize db:seed:all --url sqlite://$(pwd)/quiz.sqlite`
14 verbose stack Exit status 1
14 verbose stack     at EventEmitter.<anonymous> (/usr/lib/node_modules/npm/lib/utils/lifecycle.js:255:16)
14 verbose stack     at emitTwo (events.js:106:13)
14 verbose stack     at EventEmitter.emit (events.js:191:7)
14 verbose stack     at ChildProcess.<anonymous> (/usr/lib/node_modules/npm/lib/utils/spawn.js:40:14)
14 verbose stack     at emitTwo (events.js:106:13)
14 verbose stack     at ChildProcess.emit (events.js:191:7)
14 verbose stack     at maybeClose (internal/child_process.js:886:16)
14 verbose stack     at Process.ChildProcess._handle.onexit (internal/child_process.js:226:5)
15 verbose pkgid quiz-2017@0.0.0
16 verbose cwd /home/rafael.arias.gomez/Lucas/quiz_2017
17 error Linux 4.4.0-78-generic
18 error argv "/usr/bin/nodejs" "/usr/bin/npm" "run-script" "seed_local"
19 error node v6.10.3
20 error npm  v3.10.10
21 error code ELIFECYCLE
22 error quiz-2017@0.0.0 seed_local: `sequelize db:seed:all --url sqlite://$(pwd)/quiz.sqlite`
22 error Exit status 1
23 error Failed at the quiz-2017@0.0.0 seed_local script 'sequelize db:seed:all --url sqlite://$(pwd)/quiz.sqlite'.
23 error Make sure you have the latest version of node.js and npm installed.
23 error If you do, this is most likely a problem with the quiz-2017 package,
23 error not with npm itself.
23 error Tell the author that this fails on your system:
23 error     sequelize db:seed:all --url sqlite://$(pwd)/quiz.sqlite
23 error You can get information on how to open an issue for this project with:
23 error     npm bugs quiz-2017
23 error Or if that isn't available, you can get their info via:
23 error     npm owner ls quiz-2017
23 error There is likely additional logging output above.
24 verbose exit [ 1, true ]
